<?xml version="1.0" encoding="UTF-8"?>
<testsuites>
  <testsuite name="fastlane.lanes">
    
    
    
      
      <testcase classname="fastlane.lanes" name="0: default_platform" time="0.0060429">
        
      </testcase>
    
      
      <testcase classname="fastlane.lanes" name="1: flutter clean" time="3.1009493">
        
      </testcase>
    
      
      <testcase classname="fastlane.lanes" name="2: flutter build apk --release --flavor production --target lib/main_production.dart --no-tree-shake-icons" time="57.5684906">
        
          <failure message="C:/Ruby33-x64/lib/ruby/gems/3.3.0/gems/fastlane-2.220.0/fastlane/lib/fastlane/actions/actions_helper.rb:67:in `execute_action&apos;&#10;C:/Ruby33-x64/lib/ruby/gems/3.3.0/gems/fastlane-2.220.0/fastlane/lib/fastlane/fast_file.rb:222:in `sh&apos;&#10;C:/Ruby33-x64/lib/ruby/gems/3.3.0/gems/fastlane-2.220.0/fastlane/lib/fastlane/fast_file.rb:216:in `sh&apos;&#10;Fastfile:22:in `block (2 levels) in parsing_binding&apos;&#10;C:/Ruby33-x64/lib/ruby/gems/3.3.0/gems/fastlane-2.220.0/fastlane/lib/fastlane/lane.rb:41:in `call&apos;&#10;C:/Ruby33-x64/lib/ruby/gems/3.3.0/gems/fastlane-2.220.0/fastlane/lib/fastlane/runner.rb:49:in `block in execute&apos;&#10;C:/Ruby33-x64/lib/ruby/gems/3.3.0/gems/fastlane-2.220.0/fastlane/lib/fastlane/runner.rb:45:in `chdir&apos;&#10;C:/Ruby33-x64/lib/ruby/gems/3.3.0/gems/fastlane-2.220.0/fastlane/lib/fastlane/runner.rb:45:in `execute&apos;&#10;C:/Ruby33-x64/lib/ruby/gems/3.3.0/gems/fastlane-2.220.0/fastlane/lib/fastlane/lane_manager.rb:46:in `cruise_lane&apos;&#10;C:/Ruby33-x64/lib/ruby/gems/3.3.0/gems/fastlane-2.220.0/fastlane/lib/fastlane/command_line_handler.rb:34:in `handle&apos;&#10;C:/Ruby33-x64/lib/ruby/gems/3.3.0/gems/fastlane-2.220.0/fastlane/lib/fastlane/commands_generator.rb:110:in `block (2 levels) in run&apos;&#10;C:/Ruby33-x64/lib/ruby/gems/3.3.0/gems/commander-4.6.0/lib/commander/command.rb:187:in `call&apos;&#10;C:/Ruby33-x64/lib/ruby/gems/3.3.0/gems/commander-4.6.0/lib/commander/command.rb:157:in `run&apos;&#10;C:/Ruby33-x64/lib/ruby/gems/3.3.0/gems/commander-4.6.0/lib/commander/runner.rb:444:in `run_active_command&apos;&#10;C:/Ruby33-x64/lib/ruby/gems/3.3.0/gems/fastlane-2.220.0/fastlane_core/lib/fastlane_core/ui/fastlane_runner.rb:124:in `run!&apos;&#10;C:/Ruby33-x64/lib/ruby/gems/3.3.0/gems/commander-4.6.0/lib/commander/delegates.rb:18:in `run!&apos;&#10;C:/Ruby33-x64/lib/ruby/gems/3.3.0/gems/fastlane-2.220.0/fastlane/lib/fastlane/commands_generator.rb:363:in `run&apos;&#10;C:/Ruby33-x64/lib/ruby/gems/3.3.0/gems/fastlane-2.220.0/fastlane/lib/fastlane/commands_generator.rb:43:in `start&apos;&#10;C:/Ruby33-x64/lib/ruby/gems/3.3.0/gems/fastlane-2.220.0/fastlane/lib/fastlane/cli_tools_distributor.rb:123:in `take_off&apos;&#10;C:/Ruby33-x64/lib/ruby/gems/3.3.0/gems/fastlane-2.220.0/bin/fastlane:23:in `&lt;top (required)&gt;&apos;&#10;C:/Ruby33-x64/bin/fastlane:32:in `load&apos;&#10;C:/Ruby33-x64/bin/fastlane:32:in `&lt;main&gt;&apos;&#10;&#10;Exit status of command &apos;flutter build apk --release --flavor production --target lib/main_production.dart --no-tree-shake-icons&apos; was 1 instead of 0.&#10;Changing current working directory to: C:\Users\Ahmed\Desktop\Flutter_Projects\GitHub_repositry\net _pharmacy_app&#10;Resolving dependencies...&#10;Downloading packages...&#10;  _fe_analyzer_shared 67.0.0 (68.0.0 available)&#10;  analyzer 6.4.1 (6.5.0 available)&#10;  dots_indicator 2.1.2 (3.0.0 available)&#10;  freezed 2.5.2 (2.5.3 available)&#10;  leak_tracker 10.0.4 (10.0.5 available)&#10;  leak_tracker_flutter_testing 3.0.3 (3.0.5 available)&#10;  material_color_utilities 0.8.0 (0.11.1 available)&#10;  meta 1.12.0 (1.15.0 available)&#10;  test_api 0.7.0 (0.7.1 available)&#10;  vm_service 14.2.1 (14.2.2 available)&#10;Got dependencies!&#10;10 packages have newer versions incompatible with dependency constraints.&#10;Try `flutter pub outdated` for more information.&#10;&#10;Running Gradle task &apos;assembleProductionRelease&apos;...              &#10;You are applying Flutter&apos;s app_plugin_loader Gradle plugin imperatively using the apply script method, which is deprecated and will be removed in a future release. Migrate to applying Gradle plugins with the declarative plugins block: https://flutter.dev/go/flutter-gradle-plugin-apply&#10;&#10;&#10;FAILURE: Build failed with an exception.&#10;&#10;* What went wrong:&#10;Task &apos;assembleProductionRelease&apos; not found in root project &apos;android&apos; and its subprojects.&#10;&#10;* Try:&#10;&gt; Run gradlew tasks to get a list of available tasks.&#10;&gt; Run with --stacktrace option to get the stack trace.&#10;&gt; Run with --info or --debug option to get more log output.&#10;&gt; Run with --scan to get full insights.&#10;&#10;* Get more help at https://help.gradle.org&#10;&#10;BUILD FAILED in 37s&#10;Running Gradle task &apos;assembleProductionRelease&apos;...                 38.9s&#10;&#10;┌─ Flutter Fix ───────────────────────────────────────────────────────────────────────────────┐&#10;│ [!]  Gradle project does not define a task suitable for the requested build.                │&#10;│                                                                                             │&#10;│ The C:\Users\Ahmed\Desktop\Flutter_Projects\GitHub_repositry\net                            │&#10;│ _pharmacy_app\android\app\build.gradle file does not define any custom product flavors. You │&#10;│ cannot use the --flavor option.                                                             │&#10;└─────────────────────────────────────────────────────────────────────────────────────────────┘&#10;Gradle task assembleProductionRelease failed with exit code 1&#10;" />
        
      </testcase>
    
  </testsuite>
</testsuites>
